<?xml version="1.0" encoding="UTF-8"?>
<!-- Generated by org.testng.reporters.JUnitReportReporter -->
<testsuite skipped="0" hostname="localhost.localdomain" name="com.merini.classificacao.teste.CT1VerificaCRUDClassififcacaoTest" tests="3" failures="0" timestamp="24 jan 2024 21:57:47 GMT" time="3.614" errors="0">
  <testcase name="CT1verificaInclusaoBancoTest" time="2.084" classname="com.merini.classificacao.teste.CT1VerificaCRUDClassififcacaoTest"/>
  <testcase name="CT04verificaExclusao" time="1.132" classname="com.merini.classificacao.teste.CT1VerificaCRUDClassififcacaoTest"/>
  <testcase name="CT2verificaRecuperaTodosOsNomesBanco" time="0.398" classname="com.merini.classificacao.teste.CT1VerificaCRUDClassififcacaoTest"/>
</testsuite> <!-- com.merini.classificacao.teste.CT1VerificaCRUDClassififcacaoTest -->
