<?xml version="1.0" encoding="UTF-8"?>
<!-- Generated by org.testng.reporters.JUnitReportReporter -->
<testsuite skipped="0" hostname="localhost.localdomain" name="com.merini.classificacao.teste.CT1verificaInclusaoBancoTest" tests="3" failures="0" timestamp="24 jan 2024 19:37:59 GMT" time="2.616" errors="0">
  <testcase name="CT1verificaInclusaoBancoTest" time="1.027" classname="com.merini.classificacao.teste.CT1verificaInclusaoBancoTest"/>
  <testcase name="verificaExclusao" time="1.025" classname="com.merini.classificacao.teste.CT1verificaInclusaoBancoTest"/>
  <testcase name="CT5verificaRecuperaTodosOsNomesBanco" time="0.564" classname="com.merini.classificacao.teste.CT1verificaInclusaoBancoTest"/>
</testsuite> <!-- com.merini.classificacao.teste.CT1verificaInclusaoBancoTest -->
