<?xml version="1.0" encoding="UTF-8"?>
<!-- Generated by org.testng.reporters.JUnitReportReporter -->
<testsuite skipped="0" hostname="localhost.localdomain" name="com.merini.classificacao.teste.CT2verificaExclusaoTest" tests="1" failures="0" timestamp="24 jan 2024 21:57:47 GMT" time="2.310" errors="0">
  <testcase name="CT04verificaExclusao" time="2.310" classname="com.merini.classificacao.teste.CT2verificaExclusaoTest"/>
</testsuite> <!-- com.merini.classificacao.teste.CT2verificaExclusaoTest -->
