<?xml version="1.0" encoding="UTF-8"?>
<testsuite xmlns:xsi="http://www.w3.org/2001/XMLSchema-instance" xsi:noNamespaceSchemaLocation="https://maven.apache.org/surefire/maven-surefire-plugin/xsd/surefire-test-report-3.0.xsd" version="3.0" name="com.merini.classificacao.teste.CT1verificaInclusaoBancoTest" time="3.031" tests="3" errors="0" skipped="0" failures="0">
  <properties>
    <property name="sun.desktop" value="gnome"/>
    <property name="awt.toolkit" value="sun.awt.X11.XToolkit"/>
    <property name="file.encoding.pkg" value="sun.io"/>
    <property name="java.specification.version" value="1.8"/>
    <property name="sun.cpu.isalist" value=""/>
    <property name="sun.jnu.encoding" value="UTF-8"/>
    <property name="java.class.path" value="/home/klausmerini/eclipse-workspace/ClassificacaoTestNg/target/test-classes:/home/klausmerini/eclipse-workspace/ClassificacaoTestNg/target/classes:/home/klausmerini/.m2/repository/org/apache/derby/derby/10.14.2.0/derby-10.14.2.0.jar:/home/klausmerini/.m2/repository/org/apache/derby/derbytools/10.14.2.0/derbytools-10.14.2.0.jar:/home/klausmerini/.m2/repository/org/apache/derby/derbyclient/10.14.2.0/derbyclient-10.14.2.0.jar:/home/klausmerini/.m2/repository/org/testng/testng/6.14.3/testng-6.14.3.jar:/home/klausmerini/.m2/repository/com/beust/jcommander/1.72/jcommander-1.72.jar:/home/klausmerini/.m2/repository/org/apache-extras/beanshell/bsh/2.0b6/bsh-2.0b6.jar:"/>
    <property name="java.vm.vendor" value="Oracle Corporation"/>
    <property name="sun.arch.data.model" value="64"/>
    <property name="java.vendor.url" value="http://java.oracle.com/"/>
    <property name="user.timezone" value="America/Sao_Paulo"/>
    <property name="java.vm.specification.version" value="1.8"/>
    <property name="os.name" value="Linux"/>
    <property name="user.country" value="BR"/>
    <property name="sun.java.launcher" value="SUN_STANDARD"/>
    <property name="sun.boot.library.path" value="/usr/lib/jvm/java-8-openjdk-amd64/jre/lib/amd64"/>
    <property name="sun.java.command" value="/home/klausmerini/eclipse-workspace/ClassificacaoTestNg/target/surefire/surefirebooter-20240119124446578_3.jar /home/klausmerini/eclipse-workspace/ClassificacaoTestNg/target/surefire 2024-01-19T12-44-46_459-jvmRun1 surefire-20240119124446578_1tmp surefire_0-20240119124446578_2tmp"/>
    <property name="surefire.test.class.path" value="/home/klausmerini/eclipse-workspace/ClassificacaoTestNg/target/test-classes:/home/klausmerini/eclipse-workspace/ClassificacaoTestNg/target/classes:/home/klausmerini/.m2/repository/org/apache/derby/derby/10.14.2.0/derby-10.14.2.0.jar:/home/klausmerini/.m2/repository/org/apache/derby/derbytools/10.14.2.0/derbytools-10.14.2.0.jar:/home/klausmerini/.m2/repository/org/apache/derby/derbyclient/10.14.2.0/derbyclient-10.14.2.0.jar:/home/klausmerini/.m2/repository/org/testng/testng/6.14.3/testng-6.14.3.jar:/home/klausmerini/.m2/repository/com/beust/jcommander/1.72/jcommander-1.72.jar:/home/klausmerini/.m2/repository/org/apache-extras/beanshell/bsh/2.0b6/bsh-2.0b6.jar:"/>
    <property name="sun.cpu.endian" value="little"/>
    <property name="user.home" value="/home/klausmerini"/>
    <property name="user.language" value="pt"/>
    <property name="java.specification.vendor" value="Oracle Corporation"/>
    <property name="java.home" value="/usr/lib/jvm/java-8-openjdk-amd64/jre"/>
    <property name="basedir" value="/home/klausmerini/eclipse-workspace/ClassificacaoTestNg"/>
    <property name="style.color" value="always"/>
    <property name="file.separator" value="/"/>
    <property name="line.separator" value="&#10;"/>
    <property name="java.vm.specification.vendor" value="Oracle Corporation"/>
    <property name="java.specification.name" value="Java Platform API Specification"/>
    <property name="java.awt.graphicsenv" value="sun.awt.X11GraphicsEnvironment"/>
    <property name="surefire.real.class.path" value="/home/klausmerini/eclipse-workspace/ClassificacaoTestNg/target/surefire/surefirebooter-20240119124446578_3.jar"/>
    <property name="sun.boot.class.path" value="/usr/lib/jvm/java-8-openjdk-amd64/jre/lib/resources.jar:/usr/lib/jvm/java-8-openjdk-amd64/jre/lib/rt.jar:/usr/lib/jvm/java-8-openjdk-amd64/jre/lib/sunrsasign.jar:/usr/lib/jvm/java-8-openjdk-amd64/jre/lib/jsse.jar:/usr/lib/jvm/java-8-openjdk-amd64/jre/lib/jce.jar:/usr/lib/jvm/java-8-openjdk-amd64/jre/lib/charsets.jar:/usr/lib/jvm/java-8-openjdk-amd64/jre/lib/jfr.jar:/usr/lib/jvm/java-8-openjdk-amd64/jre/classes"/>
    <property name="sun.management.compiler" value="HotSpot 64-Bit Tiered Compilers"/>
    <property name="java.runtime.version" value="1.8.0_111-8u111-b14-3-b14"/>
    <property name="user.name" value="klausmerini"/>
    <property name="path.separator" value=":"/>
    <property name="os.version" value="5.0.11"/>
    <property name="java.endorsed.dirs" value="/usr/lib/jvm/java-8-openjdk-amd64/jre/lib/endorsed"/>
    <property name="java.runtime.name" value="OpenJDK Runtime Environment"/>
    <property name="file.encoding" value="UTF-8"/>
    <property name="java.vm.name" value="OpenJDK 64-Bit Server VM"/>
    <property name="localRepository" value="/home/klausmerini/.m2/repository"/>
    <property name="java.vendor.url.bug" value="http://bugreport.sun.com/bugreport/"/>
    <property name="java.io.tmpdir" value="/tmp"/>
    <property name="java.version" value="1.8.0_111"/>
    <property name="user.dir" value="/home/klausmerini/eclipse-workspace/ClassificacaoTestNg"/>
    <property name="os.arch" value="amd64"/>
    <property name="java.vm.specification.name" value="Java Virtual Machine Specification"/>
    <property name="java.awt.printerjob" value="sun.print.PSPrinterJob"/>
    <property name="sun.os.patch.level" value="unknown"/>
    <property name="java.library.path" value="/usr/java/packages/lib/amd64:/usr/lib/x86_64-linux-gnu/jni:/lib/x86_64-linux-gnu:/usr/lib/x86_64-linux-gnu:/usr/lib/jni:/lib:/usr/lib"/>
    <property name="java.vm.info" value="mixed mode"/>
    <property name="java.vendor" value="Oracle Corporation"/>
    <property name="java.vm.version" value="25.111-b14"/>
    <property name="java.ext.dirs" value="/usr/lib/jvm/java-8-openjdk-amd64/jre/lib/ext:/usr/java/packages/lib/ext"/>
    <property name="sun.io.unicode.encoding" value="UnicodeLittle"/>
    <property name="java.class.version" value="52.0"/>
  </properties>
  <testcase name="CT1verificaInclusaoBancoTest" classname="com.merini.classificacao.teste.CT1verificaInclusaoBancoTest" time="1.473">
    <system-out><![CDATA[conectado
registro classificação inserido, int retornado : 1
CT1verificaInclusao()
carregar Entretenimento1705675486905
conectado
Construtor sem parametros
classificação recuperada : Entretenimento1705675486905
public void shutDown() 
shutdown2
]]></system-out>
  </testcase>
  <testcase name="verificaExclusao" classname="com.merini.classificacao.teste.CT1verificaInclusaoBancoTest" time="0.867">
    <system-out><![CDATA[CT2verificaExclusao()
conectado
DELETE FROM classificacao WHERE nomeclassificacao = 'Entretenimento1705675486905'
registro classificação excluído, status code : 1
public void shutDown() 
shutdown2
]]></system-out>
  </testcase>
  <testcase name="CT5verificaRecuperaTodosOsNomesBanco" classname="com.merini.classificacao.teste.CT1verificaInclusaoBancoTest" time="0.352">
    <system-out><![CDATA[registerDriver
conectado
nome da classificação : Entretenimento1704834582598
nome da classificação : Entretenimento1704835417607
nome da classificação : Entretenimento1705344255640
nome da classificação : Entretenimento1705344649396
nome da classificação : Entretenimento1705346550582
nome da classificação : Entretenimento1705348694396
nome da classificação : Entretenimento1705674932715
nome da classificação : Entretenimento1705675211969
nome da classificação : Entretenimento1705675393503
nome das classificações recuperado
]]></system-out>
  </testcase>
</testsuite>