<?xml version="1.0" encoding="UTF-8"?>
<testsuite xmlns:xsi="http://www.w3.org/2001/XMLSchema-instance" xsi:noNamespaceSchemaLocation="https://maven.apache.org/surefire/maven-surefire-plugin/xsd/surefire-test-report-3.0.xsd" version="3.0" name="TestSuite" time="9.527" tests="5" errors="0" skipped="0" failures="0">
  <properties>
    <property name="sun.desktop" value="gnome"/>
    <property name="awt.toolkit" value="sun.awt.X11.XToolkit"/>
    <property name="file.encoding.pkg" value="sun.io"/>
    <property name="java.specification.version" value="1.8"/>
    <property name="sun.cpu.isalist" value=""/>
    <property name="sun.jnu.encoding" value="UTF-8"/>
    <property name="java.class.path" value="/home/klausmerini/eclipse-workspace/ClassificacaoTestNg/target/test-classes:/home/klausmerini/eclipse-workspace/ClassificacaoTestNg/target/classes:/home/klausmerini/.m2/repository/org/apache/derby/derby/10.14.2.0/derby-10.14.2.0.jar:/home/klausmerini/.m2/repository/org/apache/derby/derbytools/10.14.2.0/derbytools-10.14.2.0.jar:/home/klausmerini/.m2/repository/org/apache/derby/derbyclient/10.14.2.0/derbyclient-10.14.2.0.jar:/home/klausmerini/.m2/repository/org/testng/testng/7.3.0/testng-7.3.0.jar:/home/klausmerini/.m2/repository/com/beust/jcommander/1.78/jcommander-1.78.jar:/home/klausmerini/.m2/repository/org/apache/ant/ant/1.10.3/ant-1.10.3.jar:/home/klausmerini/.m2/repository/org/apache/ant/ant-launcher/1.10.3/ant-launcher-1.10.3.jar:/home/klausmerini/.m2/repository/junit/junit/4.12/junit-4.12.jar:/home/klausmerini/.m2/repository/org/hamcrest/hamcrest-core/1.3/hamcrest-core-1.3.jar:/home/klausmerini/.m2/repository/com/google/inject/guice/4.2.2/guice-4.2.2-no_aop.jar:/home/klausmerini/.m2/repository/javax/inject/javax.inject/1/javax.inject-1.jar:/home/klausmerini/.m2/repository/aopalliance/aopalliance/1.0/aopalliance-1.0.jar:/home/klausmerini/.m2/repository/com/google/guava/guava/25.1-android/guava-25.1-android.jar:/home/klausmerini/.m2/repository/com/google/code/findbugs/jsr305/3.0.2/jsr305-3.0.2.jar:/home/klausmerini/.m2/repository/org/checkerframework/checker-compat-qual/2.0.0/checker-compat-qual-2.0.0.jar:/home/klausmerini/.m2/repository/com/google/errorprone/error_prone_annotations/2.1.3/error_prone_annotations-2.1.3.jar:/home/klausmerini/.m2/repository/com/google/j2objc/j2objc-annotations/1.1/j2objc-annotations-1.1.jar:/home/klausmerini/.m2/repository/org/codehaus/mojo/animal-sniffer-annotations/1.14/animal-sniffer-annotations-1.14.jar:/home/klausmerini/.m2/repository/org/yaml/snakeyaml/1.21/snakeyaml-1.21.jar:"/>
    <property name="java.vm.vendor" value="Oracle Corporation"/>
    <property name="sun.arch.data.model" value="64"/>
    <property name="java.vendor.url" value="http://java.oracle.com/"/>
    <property name="user.timezone" value="America/Sao_Paulo"/>
    <property name="java.vm.specification.version" value="1.8"/>
    <property name="os.name" value="Linux"/>
    <property name="user.country" value="BR"/>
    <property name="sun.java.launcher" value="SUN_STANDARD"/>
    <property name="sun.boot.library.path" value="/usr/lib/jvm/java-8-openjdk-amd64/jre/lib/amd64"/>
    <property name="sun.java.command" value="/home/klausmerini/eclipse-workspace/ClassificacaoTestNg/target/surefire/surefirebooter-20240229104740576_3.jar /home/klausmerini/eclipse-workspace/ClassificacaoTestNg/target/surefire 2024-02-29T10-47-40_281-jvmRun1 surefire-20240229104740576_1tmp surefire_0-20240229104740576_2tmp"/>
    <property name="surefire.test.class.path" value="/home/klausmerini/eclipse-workspace/ClassificacaoTestNg/target/test-classes:/home/klausmerini/eclipse-workspace/ClassificacaoTestNg/target/classes:/home/klausmerini/.m2/repository/org/apache/derby/derby/10.14.2.0/derby-10.14.2.0.jar:/home/klausmerini/.m2/repository/org/apache/derby/derbytools/10.14.2.0/derbytools-10.14.2.0.jar:/home/klausmerini/.m2/repository/org/apache/derby/derbyclient/10.14.2.0/derbyclient-10.14.2.0.jar:/home/klausmerini/.m2/repository/org/testng/testng/7.3.0/testng-7.3.0.jar:/home/klausmerini/.m2/repository/com/beust/jcommander/1.78/jcommander-1.78.jar:/home/klausmerini/.m2/repository/org/apache/ant/ant/1.10.3/ant-1.10.3.jar:/home/klausmerini/.m2/repository/org/apache/ant/ant-launcher/1.10.3/ant-launcher-1.10.3.jar:/home/klausmerini/.m2/repository/junit/junit/4.12/junit-4.12.jar:/home/klausmerini/.m2/repository/org/hamcrest/hamcrest-core/1.3/hamcrest-core-1.3.jar:/home/klausmerini/.m2/repository/com/google/inject/guice/4.2.2/guice-4.2.2-no_aop.jar:/home/klausmerini/.m2/repository/javax/inject/javax.inject/1/javax.inject-1.jar:/home/klausmerini/.m2/repository/aopalliance/aopalliance/1.0/aopalliance-1.0.jar:/home/klausmerini/.m2/repository/com/google/guava/guava/25.1-android/guava-25.1-android.jar:/home/klausmerini/.m2/repository/com/google/code/findbugs/jsr305/3.0.2/jsr305-3.0.2.jar:/home/klausmerini/.m2/repository/org/checkerframework/checker-compat-qual/2.0.0/checker-compat-qual-2.0.0.jar:/home/klausmerini/.m2/repository/com/google/errorprone/error_prone_annotations/2.1.3/error_prone_annotations-2.1.3.jar:/home/klausmerini/.m2/repository/com/google/j2objc/j2objc-annotations/1.1/j2objc-annotations-1.1.jar:/home/klausmerini/.m2/repository/org/codehaus/mojo/animal-sniffer-annotations/1.14/animal-sniffer-annotations-1.14.jar:/home/klausmerini/.m2/repository/org/yaml/snakeyaml/1.21/snakeyaml-1.21.jar:"/>
    <property name="sun.cpu.endian" value="little"/>
    <property name="user.home" value="/home/klausmerini"/>
    <property name="user.language" value="pt"/>
    <property name="java.specification.vendor" value="Oracle Corporation"/>
    <property name="java.home" value="/usr/lib/jvm/java-8-openjdk-amd64/jre"/>
    <property name="basedir" value="/home/klausmerini/eclipse-workspace/ClassificacaoTestNg"/>
    <property name="style.color" value="always"/>
    <property name="file.separator" value="/"/>
    <property name="line.separator" value="&#10;"/>
    <property name="java.vm.specification.vendor" value="Oracle Corporation"/>
    <property name="java.specification.name" value="Java Platform API Specification"/>
    <property name="java.awt.graphicsenv" value="sun.awt.X11GraphicsEnvironment"/>
    <property name="surefire.real.class.path" value="/home/klausmerini/eclipse-workspace/ClassificacaoTestNg/target/surefire/surefirebooter-20240229104740576_3.jar"/>
    <property name="sun.boot.class.path" value="/usr/lib/jvm/java-8-openjdk-amd64/jre/lib/resources.jar:/usr/lib/jvm/java-8-openjdk-amd64/jre/lib/rt.jar:/usr/lib/jvm/java-8-openjdk-amd64/jre/lib/sunrsasign.jar:/usr/lib/jvm/java-8-openjdk-amd64/jre/lib/jsse.jar:/usr/lib/jvm/java-8-openjdk-amd64/jre/lib/jce.jar:/usr/lib/jvm/java-8-openjdk-amd64/jre/lib/charsets.jar:/usr/lib/jvm/java-8-openjdk-amd64/jre/lib/jfr.jar:/usr/lib/jvm/java-8-openjdk-amd64/jre/classes"/>
    <property name="sun.management.compiler" value="HotSpot 64-Bit Tiered Compilers"/>
    <property name="java.runtime.version" value="1.8.0_111-8u111-b14-3-b14"/>
    <property name="user.name" value="klausmerini"/>
    <property name="path.separator" value=":"/>
    <property name="os.version" value="5.0.11"/>
    <property name="java.endorsed.dirs" value="/usr/lib/jvm/java-8-openjdk-amd64/jre/lib/endorsed"/>
    <property name="java.runtime.name" value="OpenJDK Runtime Environment"/>
    <property name="file.encoding" value="UTF-8"/>
    <property name="java.vm.name" value="OpenJDK 64-Bit Server VM"/>
    <property name="localRepository" value="/home/klausmerini/.m2/repository"/>
    <property name="java.vendor.url.bug" value="http://bugreport.sun.com/bugreport/"/>
    <property name="java.io.tmpdir" value="/tmp"/>
    <property name="java.version" value="1.8.0_111"/>
    <property name="user.dir" value="/home/klausmerini/eclipse-workspace/ClassificacaoTestNg"/>
    <property name="os.arch" value="amd64"/>
    <property name="java.vm.specification.name" value="Java Virtual Machine Specification"/>
    <property name="java.awt.printerjob" value="sun.print.PSPrinterJob"/>
    <property name="sun.os.patch.level" value="unknown"/>
    <property name="java.library.path" value="/usr/java/packages/lib/amd64:/usr/lib/x86_64-linux-gnu/jni:/lib/x86_64-linux-gnu:/usr/lib/x86_64-linux-gnu:/usr/lib/jni:/lib:/usr/lib"/>
    <property name="java.vm.info" value="mixed mode"/>
    <property name="java.vendor" value="Oracle Corporation"/>
    <property name="java.vm.version" value="25.111-b14"/>
    <property name="java.ext.dirs" value="/usr/lib/jvm/java-8-openjdk-amd64/jre/lib/ext:/usr/java/packages/lib/ext"/>
    <property name="sun.io.unicode.encoding" value="UnicodeLittle"/>
    <property name="java.class.version" value="52.0"/>
  </properties>
  <testcase name="CT1verificaInclusaoBancoTest" classname="com.merini.classificacao.teste.CT1VerificaCRUDClassififcacaoTest" time="3.147">
    <system-out><![CDATA[	CT1verificaInclusao()
registerDriver
conectado, incluindo : Entretenimento 1709214461311
registro classificação inserido, int retornado : 1
CT1verificaInclusao() asserts
carregar Entretenimento 1709214461311
conectado
Modelo.Classificacao.Construtor sem parametros
ClassificacaoDAO.carregar 
classificação recuperada : Entretenimento 1709214461311
public void shutDown() 
shutdown2
]]></system-out>
  </testcase>
  <testcase name="CT04verificaExclusao" classname="com.merini.classificacao.teste.CT1VerificaCRUDClassififcacaoTest" time="1.356">
    <system-out><![CDATA[	CT4verificaExclusao()
registerDriver
conectado
DELETE FROM classificacao WHERE nomeclassificacao = 'Entretenimento 1709214461311'
registro classificação excluído, status code : 1
public void shutDown() 
shutdown2
]]></system-out>
  </testcase>
  <testcase name="CT2verificaRecuperaTodosOsNomesBanco" classname="com.merini.classificacao.teste.CT1VerificaCRUDClassififcacaoTest" time="0.373">
    <system-out><![CDATA[	CT2verificaRecuperaTodosOsNomesBanco
registerDriver
conectado
nome da classificação : Entretenimento1704834582598
nome da classificação : Entretenimento1704835417607
nome da classificação : Entretenimento1705344255640
nome da classificação : Entretenimento1705344649396
nome da classificação : Entretenimento1705346550582
nome da classificação : Entretenimento1705348694396
nome da classificação : Entretenimento1705674932715
nome da classificação : Entretenimento1705675211969
nome da classificação : Entretenimento1705675393503
nome da classificação : Atividade Fisica
nome da classificação : Entretenimento excl 1706125679654
nome das classificações recuperado
]]></system-out>
  </testcase>
  <testcase name="CT3verificaEdicao" classname="com.merini.classificacao.teste.CT3verificaEdicaoTest" time="2.148">
    <system-out><![CDATA[	CT3verificaEdicaoTest : classe 
carregar Entretenimento1705675393503
registerDriver
conectado
Modelo.Classificacao.Construtor sem parametros
ClassificacaoDAO.carregar 
classificação recuperada : Entretenimento1705675393503
public void shutDown() 
shutdown2
registerDriver
UPDATE classificacao SET  nomeclassificacao = 'Entretenimento1705675393503', cor = 'Azul Escuro', descricao = 'descrição editada 1709214466257' WHERE  idclassificacao = 15
conectado
1
public void shutDown() 
shutdown2
registerDriver
conectado
Modelo.Classificacao.Construtor sem parametros
ClassificacaoDAO.carregar 
classificação recuperada : Entretenimento1705675393503
public void shutDown() 
shutdown2
assert equals
]]></system-out>
  </testcase>
  <testcase name="CT04verificaExclusao" classname="com.merini.classificacao.teste.CT2verificaExclusaoTest" time="2.073">
    <system-out><![CDATA[	CT4verificaExclusao : classe  
registerDriver
conectado
registro classificação inserido - 1
public void shutDown() 
shutdown2
registerDriver
conectado
DELETE FROM classificacao WHERE nomeclassificacao = 'Entretenimento excl 1709214468410'
registro classificação excluído, status code : 1
public void shutDown() 
shutdown2
]]></system-out>
  </testcase>
</testsuite>