<?xml version="1.0" encoding="UTF-8"?>
<!-- Generated by org.testng.reporters.JUnitReportReporter -->
<testsuite hostname="localhost.localdomain" failures="0" tests="1" name="com.merini.classificacao.teste.CT2verificaExclusaoTest" time="2.822" errors="0" timestamp="2024-03-08T17:01:10 BRT" skipped="0">
  <testcase classname="com.merini.classificacao.teste.CT2verificaExclusaoTest" name="CT04verificaExclusao" time="2.822"/>
  <system-out/>
</testsuite> <!-- com.merini.classificacao.teste.CT2verificaExclusaoTest -->
