<?xml version="1.0" encoding="UTF-8"?>
<!-- Generated by org.testng.reporters.JUnitReportReporter -->
<testsuite hostname="localhost.localdomain" failures="0" tests="1" name="com.merini.classificacao.teste.CT3verificaEdicaoTest" time="3.895" errors="0" timestamp="2024-03-08T17:36:21 BRT" skipped="0">
  <testcase classname="com.merini.classificacao.teste.CT3verificaEdicaoTest" name="CT3verificaEdicao" time="3.895"/>
  <system-out/>
</testsuite> <!-- com.merini.classificacao.teste.CT3verificaEdicaoTest -->
