<?xml version="1.0" encoding="UTF-8"?>
<!-- Generated by org.testng.reporters.JUnitReportReporter -->
<testsuite hostname="localhost.localdomain" failures="0" tests="1" name="com.merini.classificacao.teste.CT1VerificaCRUDClassififcacaoTest" time="3.412" errors="0" timestamp="2024-03-08T16:57:23 BRT" skipped="0">
  <testcase classname="com.merini.classificacao.teste.CT1VerificaCRUDClassififcacaoTest" name="CT1verificaInclusaoBancoTest" time="3.412"/>
  <system-out/>
</testsuite> <!-- com.merini.classificacao.teste.CT1VerificaCRUDClassififcacaoTest -->
