<?xml version="1.0" encoding="UTF-8"?>
<!-- Generated by org.testng.reporters.JUnitReportReporter -->
<testsuite skipped="0" hostname="localhost" name="com.merini.classificacao.teste.CT1VerificaCRUDClassififcacaoTest" tests="3" failures="0" timestamp="2024-02-29T10:47:50 BRT" time="4.863" errors="0">
  <testcase name="CT1verificaInclusaoBancoTest" time="3.141" classname="com.merini.classificacao.teste.CT1VerificaCRUDClassififcacaoTest"/>
  <system-out/>
  <testcase name="CT04verificaExclusao" time="1.355" classname="com.merini.classificacao.teste.CT1VerificaCRUDClassififcacaoTest"/>
  <system-out/>
  <testcase name="CT2verificaRecuperaTodosOsNomesBanco" time="0.367" classname="com.merini.classificacao.teste.CT1VerificaCRUDClassififcacaoTest"/>
  <system-out/>
</testsuite> <!-- com.merini.classificacao.teste.CT1VerificaCRUDClassififcacaoTest -->
