<?xml version="1.0" encoding="UTF-8"?>
<!-- Generated by org.testng.reporters.JUnitReportReporter -->
<testsuite skipped="0" hostname="localhost" name="com.merini.classificacao.teste.CT3verificaEdicaoTest" tests="1" failures="0" timestamp="2024-02-29T10:47:50 BRT" time="2.150" errors="0">
  <testcase name="CT3verificaEdicao" time="2.150" classname="com.merini.classificacao.teste.CT3verificaEdicaoTest"/>
  <system-out/>
</testsuite> <!-- com.merini.classificacao.teste.CT3verificaEdicaoTest -->
