<?xml version="1.0" encoding="UTF-8"?>
<!-- Generated by org.testng.reporters.JUnitReportReporter -->
<testsuite skipped="0" hostname="localhost" name="com.merini.classificacao.teste.CT2verificaExclusaoTest" tests="1" failures="0" timestamp="2024-02-29T10:47:50 BRT" time="2.072" errors="0">
  <testcase name="CT04verificaExclusao" time="2.072" classname="com.merini.classificacao.teste.CT2verificaExclusaoTest"/>
  <system-out/>
</testsuite> <!-- com.merini.classificacao.teste.CT2verificaExclusaoTest -->
