<?xml version="1.0" encoding="UTF-8"?>
<!-- Generated by org.testng.reporters.JUnitReportReporter -->
<testsuite skipped="0" hostname="localhost.localdomain" name="com.merini.classificacao.teste.CT4verificaEdicaoTest" tests="1" failures="0" timestamp="24 jan 2024 19:50:47 GMT" time="1.924" errors="0">
  <testcase name="CT3verificaEdicao" time="1.924" classname="com.merini.classificacao.teste.CT4verificaEdicaoTest"/>
</testsuite> <!-- com.merini.classificacao.teste.CT4verificaEdicaoTest -->
